c:\users\student\desktop\ra58-projekat\projekat\processwavfile\processwavfile\debug\vc140.pdb
c:\users\student\desktop\ra58-projekat\projekat\processwavfile\processwavfile\debug\vc140.idb
c:\users\student\desktop\ra58-projekat\projekat\processwavfile\processwavfile\debug\expander.obj
c:\users\student\desktop\ra58-projekat\projekat\processwavfile\processwavfile\debug\main.obj
c:\users\student\desktop\ra58-projekat\projekat\processwavfile\processwavfile\debug\wavheader.obj
c:\users\student\desktop\ra58-projekat\projekat\mod1\processwavfile\processwavfile\debug\vc140.pdb
c:\users\student\desktop\ra58-projekat\projekat\mod1\processwavfile\processwavfile\debug\vc140.idb
c:\users\student\desktop\ra58-projekat\projekat\mod1\processwavfile\processwavfile\debug\expander.obj
c:\users\student\desktop\ra58-projekat\projekat\mod1\processwavfile\processwavfile\debug\wavheader.obj
c:\users\student\desktop\ra58-projekat\projekat\mod1\processwavfile\processwavfile\debug\main.obj
c:\users\student\desktop\ra58-projekat\projekat\processwavfile\debug\processwavfile.ilk
c:\users\student\desktop\ra58-projekat\projekat\processwavfile\debug\processwavfile.exe
c:\users\student\desktop\ra58-projekat\projekat\processwavfile\debug\processwavfile.pdb
c:\users\student\desktop\ra58-projekat\projekat\mod1\processwavfile\debug\processwavfile.ilk
c:\users\student\desktop\ra58-projekat\projekat\mod1\processwavfile\debug\processwavfile.exe
c:\users\student\desktop\ra58-projekat\projekat\mod1\processwavfile\debug\processwavfile.pdb
c:\users\student\desktop\ra58-projekat\projekat\mod1\processwavfile\processwavfile\debug\processwavfile.tlog\cl.command.1.tlog
c:\users\student\desktop\ra58-projekat\projekat\mod1\processwavfile\processwavfile\debug\processwavfile.tlog\cl.read.1.tlog
c:\users\student\desktop\ra58-projekat\projekat\mod1\processwavfile\processwavfile\debug\processwavfile.tlog\cl.write.1.tlog
c:\users\student\desktop\ra58-projekat\projekat\mod1\processwavfile\processwavfile\debug\processwavfile.tlog\link.command.1.tlog
c:\users\student\desktop\ra58-projekat\projekat\mod1\processwavfile\processwavfile\debug\processwavfile.tlog\link.read.1.tlog
c:\users\student\desktop\ra58-projekat\projekat\mod1\processwavfile\processwavfile\debug\processwavfile.tlog\link.write.1.tlog
